[06-Apr-2020 17:11:59 UTC] PHP Warning:  Use of undefined constant page - assumed 'page' (this will throw an Error in a future version of PHP) in /var/www/test.loc/indexx.php on line 2
[06-Apr-2020 17:11:59 UTC] PHP Warning:  Use of undefined constant php - assumed 'php' (this will throw an Error in a future version of PHP) in /var/www/test.loc/indexx.php on line 2
[06-Apr-2020 17:11:59 UTC] PHP Warning:  require_once(pagephp): failed to open stream: No such file or directory in /var/www/test.loc/indexx.php on line 2
[06-Apr-2020 17:11:59 UTC] PHP Fatal error:  require_once(): Failed opening required 'pagephp' (include_path='.:/usr/share/php') in /var/www/test.loc/indexx.php on line 2
[06-Apr-2020 17:12:40 UTC] PHP Notice:  Undefined variable: items in /var/www/test.loc/page.php on line 4
[06-Apr-2020 17:12:40 UTC] PHP Notice:  Undefined variable: data in /var/www/test.loc/indexx.php on line 49
[06-Apr-2020 17:12:40 UTC] PHP Notice:  Trying to access array offset on value of type null in /var/www/test.loc/indexx.php on line 49
[06-Apr-2020 17:12:40 UTC] PHP Notice:  Undefined variable: data in /var/www/test.loc/indexx.php on line 50
[06-Apr-2020 17:12:40 UTC] PHP Notice:  Trying to access array offset on value of type null in /var/www/test.loc/indexx.php on line 50
[06-Apr-2020 17:12:40 UTC] PHP Notice:  Undefined variable: data in /var/www/test.loc/indexx.php on line 51
[06-Apr-2020 17:12:40 UTC] PHP Notice:  Trying to access array offset on value of type null in /var/www/test.loc/indexx.php on line 51
[06-Apr-2020 17:13:22 UTC] PHP Notice:  Undefined variable: items in /var/www/test.loc/page.php on line 4
[06-Apr-2020 17:13:22 UTC] PHP Notice:  Undefined variable: data in /var/www/test.loc/indexx.php on line 49
[06-Apr-2020 17:13:22 UTC] PHP Notice:  Trying to access array offset on value of type null in /var/www/test.loc/indexx.php on line 49
[06-Apr-2020 17:13:22 UTC] PHP Notice:  Undefined variable: data in /var/www/test.loc/indexx.php on line 50
[06-Apr-2020 17:13:22 UTC] PHP Notice:  Trying to access array offset on value of type null in /var/www/test.loc/indexx.php on line 50
[06-Apr-2020 17:13:22 UTC] PHP Notice:  Undefined variable: data in /var/www/test.loc/indexx.php on line 51
[06-Apr-2020 17:13:22 UTC] PHP Notice:  Trying to access array offset on value of type null in /var/www/test.loc/indexx.php on line 51
[06-Apr-2020 17:15:19 UTC] PHP Notice:  Undefined variable: items in /var/www/test.loc/page.php on line 4
[06-Apr-2020 17:15:19 UTC] PHP Notice:  Undefined index: Name in /var/www/test.loc/indexx.php on line 49
[06-Apr-2020 17:15:19 UTC] PHP Notice:  Undefined variable: data in /var/www/test.loc/indexx.php on line 50
[06-Apr-2020 17:15:19 UTC] PHP Notice:  Trying to access array offset on value of type null in /var/www/test.loc/indexx.php on line 50
[06-Apr-2020 17:15:19 UTC] PHP Notice:  Undefined variable: data in /var/www/test.loc/indexx.php on line 51
[06-Apr-2020 17:15:19 UTC] PHP Notice:  Trying to access array offset on value of type null in /var/www/test.loc/indexx.php on line 51
[06-Apr-2020 17:43:24 UTC] PHP Notice:  Array to string conversion in /var/www/test.loc/main.php on line 18
[06-Apr-2020 17:43:24 UTC] PHP Notice:  Undefined index: name in /var/www/test.loc/main.php on line 24
[06-Apr-2020 17:43:24 UTC] PHP Notice:  Array to string conversion in /var/www/test.loc/main.php on line 18
[06-Apr-2020 17:43:24 UTC] PHP Notice:  Undefined index: name in /var/www/test.loc/main.php on line 24
[06-Apr-2020 17:44:07 UTC] PHP Notice:  Undefined index: name in /var/www/test.loc/main.php on line 25
[06-Apr-2020 17:44:07 UTC] PHP Notice:  Undefined index: name in /var/www/test.loc/main.php on line 25
[06-Apr-2020 17:50:46 UTC] PHP Parse error:  syntax error, unexpected end of file in /var/www/test.loc/main.php on line 24
[06-Apr-2020 17:50:47 UTC] PHP Parse error:  syntax error, unexpected end of file in /var/www/test.loc/main.php on line 24
[06-Apr-2020 18:30:09 UTC] PHP Notice:  Undefined variable: id in /var/www/test.loc/cart.php on line 13
[06-Apr-2020 18:30:09 UTC] PHP Notice:  Undefined variable: id in /var/www/test.loc/cart.php on line 13
[06-Apr-2020 18:30:12 UTC] PHP Notice:  Undefined variable: id in /var/www/test.loc/cart.php on line 13
[06-Apr-2020 18:30:12 UTC] PHP Notice:  Undefined variable: id in /var/www/test.loc/cart.php on line 13
[06-Apr-2020 18:30:27 UTC] PHP Notice:  Undefined variable: id in /var/www/test.loc/cart.php on line 13
[06-Apr-2020 18:30:27 UTC] PHP Notice:  Undefined variable: id in /var/www/test.loc/cart.php on line 13
[07-Apr-2020 15:25:07 UTC] PHP Parse error:  syntax error, unexpected 'else' (T_ELSE), expecting end of file in /var/www/test.loc/index.php on line 24
[07-Apr-2020 15:25:07 UTC] PHP Parse error:  syntax error, unexpected 'else' (T_ELSE), expecting end of file in /var/www/test.loc/index.php on line 24
[07-Apr-2020 16:03:18 UTC] PHP Parse error:  syntax error, unexpected '"1.php"' (T_CONSTANT_ENCAPSED_STRING) in /var/www/test.loc/index.php on line 2
[07-Apr-2020 16:03:18 UTC] PHP Parse error:  syntax error, unexpected '"1.php"' (T_CONSTANT_ENCAPSED_STRING) in /var/www/test.loc/index.php on line 2
[07-Apr-2020 16:04:26 UTC] PHP Parse error:  syntax error, unexpected 'page' (T_STRING) in /var/www/test.loc/index.php on line 2
[07-Apr-2020 16:04:26 UTC] PHP Parse error:  syntax error, unexpected 'page' (T_STRING) in /var/www/test.loc/index.php on line 2
[07-Apr-2020 16:04:36 UTC] PHP Parse error:  syntax error, unexpected 'page' (T_STRING) in /var/www/test.loc/index.php on line 2
[07-Apr-2020 16:04:36 UTC] PHP Parse error:  syntax error, unexpected 'page' (T_STRING) in /var/www/test.loc/index.php on line 2
[07-Apr-2020 16:04:37 UTC] PHP Parse error:  syntax error, unexpected 'page' (T_STRING) in /var/www/test.loc/index.php on line 2
[07-Apr-2020 16:04:37 UTC] PHP Parse error:  syntax error, unexpected 'page' (T_STRING) in /var/www/test.loc/index.php on line 2
[07-Apr-2020 16:05:22 UTC] PHP Parse error:  syntax error, unexpected '=' in /var/www/test.loc/index.php on line 10
[07-Apr-2020 16:05:22 UTC] PHP Parse error:  syntax error, unexpected '=' in /var/www/test.loc/index.php on line 10
[07-Apr-2020 16:13:52 UTC] PHP Warning:  Use of undefined constant page - assumed 'page' (this will throw an Error in a future version of PHP) in /var/www/test.loc/index.php on line 2
[07-Apr-2020 16:13:52 UTC] PHP Warning:  Use of undefined constant php - assumed 'php' (this will throw an Error in a future version of PHP) in /var/www/test.loc/index.php on line 2
[07-Apr-2020 16:13:52 UTC] PHP Warning:  include(pagephp): failed to open stream: No such file or directory in /var/www/test.loc/index.php on line 2
[07-Apr-2020 16:13:52 UTC] PHP Warning:  include(): Failed opening 'pagephp' for inclusion (include_path='.:/usr/share/php') in /var/www/test.loc/index.php on line 2
[07-Apr-2020 16:13:52 UTC] PHP Warning:  Use of undefined constant page - assumed 'page' (this will throw an Error in a future version of PHP) in /var/www/test.loc/index.php on line 2
[07-Apr-2020 16:13:52 UTC] PHP Warning:  Use of undefined constant php - assumed 'php' (this will throw an Error in a future version of PHP) in /var/www/test.loc/index.php on line 2
[07-Apr-2020 16:13:52 UTC] PHP Warning:  include(pagephp): failed to open stream: No such file or directory in /var/www/test.loc/index.php on line 2
[07-Apr-2020 16:13:52 UTC] PHP Warning:  include(): Failed opening 'pagephp' for inclusion (include_path='.:/usr/share/php') in /var/www/test.loc/index.php on line 2
[07-Apr-2020 17:18:30 UTC] PHP Notice:  Undefined variable: data in /var/www/test.loc/page.php on line 13
[07-Apr-2020 17:18:30 UTC] PHP Notice:  Undefined variable: data in /var/www/test.loc/page.php on line 13
[07-Apr-2020 17:21:25 UTC] PHP Notice:  Undefined variable: items in /var/www/test.loc/page.php on line 4
[07-Apr-2020 17:21:25 UTC] PHP Notice:  Undefined variable: items in /var/www/test.loc/page.php on line 4
[07-Apr-2020 17:22:20 UTC] PHP Notice:  Undefined variable: data in /var/www/test.loc/page.php on line 13
[07-Apr-2020 17:22:20 UTC] PHP Notice:  Undefined variable: data in /var/www/test.loc/page.php on line 13
[07-Apr-2020 18:02:54 UTC] PHP Warning:  include_once(page.php): failed to open stream: No such file or directory in /var/www/test.loc/homework/index.php on line 2
[07-Apr-2020 18:02:54 UTC] PHP Warning:  include_once(): Failed opening 'page.php' for inclusion (include_path='.:/usr/share/php') in /var/www/test.loc/homework/index.php on line 2
[07-Apr-2020 18:03:21 UTC] PHP Notice:  Undefined variable: items in /var/www/test.loc/homework/page.php on line 4
[07-Apr-2020 18:03:21 UTC] PHP Warning:  fopen(items.txt): failed to open stream: No such file or directory in /var/www/test.loc/homework/page.php on line 4
[07-Apr-2020 18:03:41 UTC] PHP Notice:  Undefined variable: items in /var/www/test.loc/homework/page.php on line 4
[07-Apr-2020 18:03:41 UTC] PHP Warning:  fopen(items.txt): failed to open stream: No such file or directory in /var/www/test.loc/homework/page.php on line 4
[07-Apr-2020 18:03:42 UTC] PHP Notice:  Undefined variable: items in /var/www/test.loc/homework/page.php on line 4
[07-Apr-2020 18:03:42 UTC] PHP Warning:  fopen(items.txt): failed to open stream: No such file or directory in /var/www/test.loc/homework/page.php on line 4
[07-Apr-2020 18:03:43 UTC] PHP Notice:  Undefined variable: items in /var/www/test.loc/homework/page.php on line 4
[07-Apr-2020 18:03:43 UTC] PHP Warning:  fopen(items.txt): failed to open stream: No such file or directory in /var/www/test.loc/homework/page.php on line 4
[07-Apr-2020 18:04:32 UTC] PHP Warning:  fopen(items.txt): failed to open stream: No such file or directory in /var/www/test.loc/homework/page.php on line 4
[07-Apr-2020 18:04:32 UTC] PHP Warning:  include_once(/var/www/test.loc/page.php): failed to open stream: No such file or directory in /var/www/test.loc/index.php on line 2
[07-Apr-2020 18:04:32 UTC] PHP Warning:  include_once(): Failed opening '/var/www/test.loc/page.php' for inclusion (include_path='.:/usr/share/php') in /var/www/test.loc/index.php on line 2
[07-Apr-2020 18:06:56 UTC] PHP Warning:  fopen(items.txt): failed to open stream: No such file or directory in /var/www/test.loc/homework/page.php on line 4
[07-Apr-2020 18:34:13 UTC] PHP Notice:  Undefined variable: products in /var/www/test.loc/homework/PAGE.php on line 13
[07-Apr-2020 18:34:57 UTC] PHP Parse error:  syntax error, unexpected ';', expecting ']' in /var/www/test.loc/homework/PAGE.php on line 36
[07-Apr-2020 18:34:57 UTC] PHP Notice:  Undefined variable: products in /var/www/test.loc/index.php on line 4
[07-Apr-2020 18:34:58 UTC] PHP Parse error:  syntax error, unexpected ';', expecting ']' in /var/www/test.loc/homework/PAGE.php on line 36
[07-Apr-2020 18:34:58 UTC] PHP Notice:  Undefined variable: products in /var/www/test.loc/index.php on line 4
[07-Apr-2020 18:35:18 UTC] PHP Parse error:  syntax error, unexpected ';', expecting ']' in /var/www/test.loc/homework/PAGE.php on line 36
[07-Apr-2020 18:35:18 UTC] PHP Notice:  Undefined variable: products in /var/www/test.loc/index.php on line 4
[07-Apr-2020 18:35:19 UTC] PHP Parse error:  syntax error, unexpected ';', expecting ']' in /var/www/test.loc/homework/PAGE.php on line 36
[07-Apr-2020 18:35:19 UTC] PHP Notice:  Undefined variable: products in /var/www/test.loc/index.php on line 4
[07-Apr-2020 18:35:20 UTC] PHP Parse error:  syntax error, unexpected ';', expecting ']' in /var/www/test.loc/homework/PAGE.php on line 36
[07-Apr-2020 18:35:20 UTC] PHP Notice:  Undefined variable: products in /var/www/test.loc/index.php on line 4
[07-Apr-2020 18:35:23 UTC] PHP Parse error:  syntax error, unexpected ';', expecting ']' in /var/www/test.loc/homework/PAGE.php on line 36
[07-Apr-2020 18:35:23 UTC] PHP Notice:  Undefined variable: products in /var/www/test.loc/index.php on line 4
[07-Apr-2020 18:35:51 UTC] PHP Notice:  Undefined variable: products in /var/www/test.loc/index.php on line 4
[07-Apr-2020 18:35:51 UTC] PHP Notice:  Undefined variable: products in /var/www/test.loc/index.php on line 4
[07-Apr-2020 18:36:21 UTC] PHP Notice:  Undefined variable: products in /var/www/test.loc/index.php on line 5
[07-Apr-2020 18:36:21 UTC] PHP Notice:  Undefined variable: products in /var/www/test.loc/index.php on line 5
[07-Apr-2020 18:36:23 UTC] PHP Notice:  Undefined variable: products in /var/www/test.loc/index.php on line 5
[07-Apr-2020 18:36:23 UTC] PHP Notice:  Undefined variable: products in /var/www/test.loc/index.php on line 5
[07-Apr-2020 18:36:38 UTC] PHP Notice:  Undefined variable: products in /var/www/test.loc/index.php on line 5
[07-Apr-2020 18:36:38 UTC] PHP Notice:  Undefined variable: products in /var/www/test.loc/index.php on line 5
[07-Apr-2020 18:38:46 UTC] PHP Notice:  Undefined variable: products in /var/www/test.loc/index.php on line 5
[07-Apr-2020 18:38:46 UTC] PHP Notice:  Undefined variable: products in /var/www/test.loc/index.php on line 5
[07-Apr-2020 18:40:32 UTC] PHP Notice:  Undefined variable: products in /var/www/test.loc/index.php on line 5
[07-Apr-2020 18:40:32 UTC] PHP Notice:  Undefined variable: products in /var/www/test.loc/index.php on line 5
[07-Apr-2020 18:41:09 UTC] PHP Notice:  Undefined variable: products in /var/www/test.loc/index.php on line 5
[07-Apr-2020 18:41:09 UTC] PHP Notice:  Undefined variable: products in /var/www/test.loc/index.php on line 5
[07-Apr-2020 18:42:03 UTC] PHP Notice:  Undefined variable: products in /var/www/test.loc/index.php on line 5
[07-Apr-2020 18:44:17 UTC] PHP Parse error:  syntax error, unexpected end of file in /var/www/test.loc/homework/index.php on line 88
[07-Apr-2020 18:44:17 UTC] PHP Notice:  Undefined variable: products in /var/www/test.loc/index.php on line 5
[07-Apr-2020 18:46:00 UTC] PHP Notice:  Undefined variable: products in /var/www/test.loc/index.php on line 5
[07-Apr-2020 18:47:21 UTC] PHP Notice:  Undefined variable: products in /var/www/test.loc/index.php on line 5
[07-Apr-2020 18:47:48 UTC] PHP Notice:  Undefined variable: products in /var/www/test.loc/index.php on line 5
[07-Apr-2020 18:49:44 UTC] PHP Notice:  Undefined variable: products in /var/www/test.loc/index.php on line 5
[07-Apr-2020 18:49:44 UTC] PHP Notice:  Undefined variable: products in /var/www/test.loc/index.php on line 5
[10-Apr-2020 16:52:11 UTC] PHP Notice:  Undefined variable: products in /var/www/test.loc/index.php on line 5
[10-Apr-2020 16:52:11 UTC] PHP Notice:  Undefined variable: products in /var/www/test.loc/index.php on line 5
[10-Apr-2020 16:52:18 UTC] PHP Notice:  Undefined variable: products in /var/www/test.loc/index.php on line 5
[10-Apr-2020 16:58:32 UTC] PHP Notice:  Undefined variable: products in /var/www/test.loc/index.php on line 5
[10-Apr-2020 16:58:34 UTC] PHP Notice:  Undefined variable: products in /var/www/test.loc/index.php on line 5
[10-Apr-2020 16:59:23 UTC] PHP Notice:  Undefined variable: products in /var/www/test.loc/homework/index.php on line 46
[10-Apr-2020 16:59:23 UTC] PHP Warning:  Invalid argument supplied for foreach() in /var/www/test.loc/homework/index.php on line 46
[10-Apr-2020 16:59:23 UTC] PHP Notice:  Undefined variable: products in /var/www/test.loc/index.php on line 5
[10-Apr-2020 17:00:15 UTC] PHP Notice:  Undefined variable: products in /var/www/test.loc/homework/index.php on line 46
[10-Apr-2020 17:00:15 UTC] PHP Warning:  Invalid argument supplied for foreach() in /var/www/test.loc/homework/index.php on line 46
[10-Apr-2020 17:00:15 UTC] PHP Notice:  Undefined variable: products in /var/www/test.loc/index.php on line 5
[10-Apr-2020 17:00:38 UTC] PHP Notice:  Undefined variable: products in /var/www/test.loc/index.php on line 5
[10-Apr-2020 17:00:38 UTC] PHP Notice:  Undefined variable: products in /var/www/test.loc/index.php on line 5
[10-Apr-2020 17:14:08 UTC] PHP Notice:  Undefined index: products in /var/www/test.loc/cart.php on line 12
[10-Apr-2020 17:14:44 UTC] PHP Notice:  Undefined index: products in /var/www/test.loc/cart.php on line 12
[10-Apr-2020 17:15:09 UTC] PHP Notice:  Undefined index: products in /var/www/test.loc/cart.php on line 12
[10-Apr-2020 17:15:31 UTC] PHP Notice:  Undefined index: products in /var/www/test.loc/cart.php on line 11
[10-Apr-2020 17:16:52 UTC] PHP Notice:  Undefined index: products in /var/www/test.loc/cart.php on line 11
[10-Apr-2020 17:16:52 UTC] PHP Notice:  Undefined index: products in /var/www/test.loc/cart.php on line 11
[10-Apr-2020 17:16:54 UTC] PHP Notice:  Undefined index: products in /var/www/test.loc/cart.php on line 11
[10-Apr-2020 17:16:54 UTC] PHP Notice:  Undefined index: products in /var/www/test.loc/cart.php on line 11
[10-Apr-2020 17:17:03 UTC] PHP Notice:  Undefined index: products in /var/www/test.loc/cart.php on line 11
[10-Apr-2020 17:17:04 UTC] PHP Notice:  Undefined index: products in /var/www/test.loc/cart.php on line 11
[10-Apr-2020 17:17:19 UTC] PHP Notice:  Undefined index: products in /var/www/test.loc/cart.php on line 11
[10-Apr-2020 17:17:19 UTC] PHP Notice:  Undefined index: products in /var/www/test.loc/cart.php on line 11
[10-Apr-2020 17:17:47 UTC] PHP Notice:  Undefined index: products in /var/www/test.loc/cart.php on line 11
[10-Apr-2020 17:18:05 UTC] PHP Notice:  Undefined index: products in /var/www/test.loc/cart.php on line 11
[10-Apr-2020 17:18:59 UTC] PHP Warning:  Use of undefined constant ROOT_PATH - assumed 'ROOT_PATH' (this will throw an Error in a future version of PHP) in /var/www/test.loc/cart.php on line 3
[10-Apr-2020 17:18:59 UTC] PHP Warning:  file_get_contents(ROOT_PATH/products.json): failed to open stream: No such file or directory in /var/www/test.loc/cart.php on line 3
[10-Apr-2020 17:18:59 UTC] PHP Warning:  Use of undefined constant ROOT_PATH - assumed 'ROOT_PATH' (this will throw an Error in a future version of PHP) in /var/www/test.loc/views/products.php on line 1
[10-Apr-2020 17:18:59 UTC] PHP Warning:  require_once(ROOT_PATH/views/header.php): failed to open stream: No such file or directory in /var/www/test.loc/views/products.php on line 1
[10-Apr-2020 17:18:59 UTC] PHP Fatal error:  require_once(): Failed opening required 'ROOT_PATH/views/header.php' (include_path='.:/usr/share/php') in /var/www/test.loc/views/products.php on line 1
[10-Apr-2020 17:19:16 UTC] PHP Warning:  Use of undefined constant ROOT_PATH - assumed 'ROOT_PATH' (this will throw an Error in a future version of PHP) in /var/www/test.loc/views/products.php on line 1
[10-Apr-2020 17:19:16 UTC] PHP Warning:  require_once(ROOT_PATH/views/header.php): failed to open stream: No such file or directory in /var/www/test.loc/views/products.php on line 1
[10-Apr-2020 17:19:16 UTC] PHP Fatal error:  require_once(): Failed opening required 'ROOT_PATH/views/header.php' (include_path='.:/usr/share/php') in /var/www/test.loc/views/products.php on line 1
[10-Apr-2020 17:21:39 UTC] PHP Notice:  Undefined index: products in /var/www/test.loc/cart.php on line 15
[10-Apr-2020 17:22:02 UTC] PHP Notice:  Undefined index: products in /var/www/test.loc/cart.php on line 15
[10-Apr-2020 17:24:04 UTC] PHP Parse error:  syntax error, unexpected end of file in /var/www/test.loc/cart.php on line 37
[10-Apr-2020 17:24:27 UTC] PHP Notice:  Undefined variable: product in /var/www/test.loc/cart.php on line 16
[10-Apr-2020 17:24:27 UTC] PHP Notice:  Trying to access array offset on value of type null in /var/www/test.loc/cart.php on line 16
[10-Apr-2020 17:24:27 UTC] PHP Notice:  Undefined variable: product in /var/www/test.loc/cart.php on line 19
[10-Apr-2020 17:24:27 UTC] PHP Notice:  Trying to access array offset on value of type null in /var/www/test.loc/cart.php on line 19
[10-Apr-2020 17:24:45 UTC] PHP Notice:  Undefined variable: product in /var/www/test.loc/cart.php on line 16
[10-Apr-2020 17:24:45 UTC] PHP Notice:  Trying to access array offset on value of type null in /var/www/test.loc/cart.php on line 16
[10-Apr-2020 17:25:41 UTC] PHP Notice:  Undefined variable: product in /var/www/test.loc/cart.php on line 16
[10-Apr-2020 17:25:41 UTC] PHP Notice:  Trying to access array offset on value of type null in /var/www/test.loc/cart.php on line 16
[10-Apr-2020 17:26:25 UTC] PHP Notice:  Undefined variable: product in /var/www/test.loc/cart.php on line 16
[10-Apr-2020 17:26:25 UTC] PHP Notice:  Trying to access array offset on value of type null in /var/www/test.loc/cart.php on line 16
[10-Apr-2020 17:26:27 UTC] PHP Notice:  Undefined variable: product in /var/www/test.loc/cart.php on line 16
[10-Apr-2020 17:26:27 UTC] PHP Notice:  Trying to access array offset on value of type null in /var/www/test.loc/cart.php on line 16
[10-Apr-2020 17:27:00 UTC] PHP Notice:  Undefined variable: _SESSION in /var/www/test.loc/cart.php on line 16
[10-Apr-2020 17:27:00 UTC] PHP Notice:  Trying to access array offset on value of type null in /var/www/test.loc/cart.php on line 16
[10-Apr-2020 17:27:32 UTC] PHP Notice:  Undefined variable: product in /var/www/test.loc/cart.php on line 16
[10-Apr-2020 17:27:32 UTC] PHP Notice:  Trying to access array offset on value of type null in /var/www/test.loc/cart.php on line 16
[10-Apr-2020 17:29:25 UTC] PHP Notice:  Undefined variable: product in /var/www/test.loc/cart.php on line 16
[10-Apr-2020 17:29:25 UTC] PHP Notice:  Trying to access array offset on value of type null in /var/www/test.loc/cart.php on line 16
[10-Apr-2020 17:29:25 UTC] PHP Notice:  Undefined variable: product in /var/www/test.loc/cart.php on line 21
[10-Apr-2020 17:29:25 UTC] PHP Notice:  Trying to access array offset on value of type null in /var/www/test.loc/cart.php on line 21
[10-Apr-2020 17:29:52 UTC] PHP Notice:  Undefined variable: product in /var/www/test.loc/cart.php on line 16
[10-Apr-2020 17:29:52 UTC] PHP Notice:  Trying to access array offset on value of type null in /var/www/test.loc/cart.php on line 16
[10-Apr-2020 17:29:52 UTC] PHP Notice:  Undefined variable: product in /var/www/test.loc/cart.php on line 21
[10-Apr-2020 17:29:52 UTC] PHP Notice:  Trying to access array offset on value of type null in /var/www/test.loc/cart.php on line 21
[10-Apr-2020 17:29:53 UTC] PHP Notice:  Undefined variable: product in /var/www/test.loc/cart.php on line 16
[10-Apr-2020 17:29:53 UTC] PHP Notice:  Trying to access array offset on value of type null in /var/www/test.loc/cart.php on line 16
[10-Apr-2020 17:29:53 UTC] PHP Notice:  Undefined variable: product in /var/www/test.loc/cart.php on line 21
[10-Apr-2020 17:29:53 UTC] PHP Notice:  Trying to access array offset on value of type null in /var/www/test.loc/cart.php on line 21
[10-Apr-2020 17:29:54 UTC] PHP Notice:  Undefined variable: product in /var/www/test.loc/cart.php on line 16
[10-Apr-2020 17:29:54 UTC] PHP Notice:  Trying to access array offset on value of type null in /var/www/test.loc/cart.php on line 16
[10-Apr-2020 17:29:54 UTC] PHP Notice:  Undefined variable: product in /var/www/test.loc/cart.php on line 21
[10-Apr-2020 17:29:54 UTC] PHP Notice:  Trying to access array offset on value of type null in /var/www/test.loc/cart.php on line 21
[10-Apr-2020 17:30:21 UTC] PHP Notice:  Undefined variable: product in /var/www/test.loc/cart.php on line 16
[10-Apr-2020 17:30:21 UTC] PHP Notice:  Trying to access array offset on value of type null in /var/www/test.loc/cart.php on line 16
[10-Apr-2020 17:30:21 UTC] PHP Notice:  Undefined variable: product in /var/www/test.loc/cart.php on line 23
[10-Apr-2020 17:30:21 UTC] PHP Notice:  Trying to access array offset on value of type null in /var/www/test.loc/cart.php on line 23
[10-Apr-2020 17:30:22 UTC] PHP Notice:  Undefined variable: product in /var/www/test.loc/cart.php on line 16
[10-Apr-2020 17:30:22 UTC] PHP Notice:  Trying to access array offset on value of type null in /var/www/test.loc/cart.php on line 16
[10-Apr-2020 17:30:22 UTC] PHP Notice:  Undefined variable: product in /var/www/test.loc/cart.php on line 23
[10-Apr-2020 17:30:22 UTC] PHP Notice:  Trying to access array offset on value of type null in /var/www/test.loc/cart.php on line 23
[10-Apr-2020 17:30:47 UTC] PHP Notice:  Undefined variable: product in /var/www/test.loc/cart.php on line 16
[10-Apr-2020 17:30:47 UTC] PHP Notice:  Trying to access array offset on value of type null in /var/www/test.loc/cart.php on line 16
[10-Apr-2020 17:30:47 UTC] PHP Notice:  Undefined variable: product in /var/www/test.loc/cart.php on line 23
[10-Apr-2020 17:30:47 UTC] PHP Notice:  Trying to access array offset on value of type null in /var/www/test.loc/cart.php on line 23
[10-Apr-2020 17:30:49 UTC] PHP Notice:  Undefined variable: product in /var/www/test.loc/cart.php on line 16
[10-Apr-2020 17:30:49 UTC] PHP Notice:  Trying to access array offset on value of type null in /var/www/test.loc/cart.php on line 16
[10-Apr-2020 17:30:49 UTC] PHP Notice:  Undefined variable: product in /var/www/test.loc/cart.php on line 23
[10-Apr-2020 17:30:49 UTC] PHP Notice:  Trying to access array offset on value of type null in /var/www/test.loc/cart.php on line 23
[10-Apr-2020 17:30:54 UTC] PHP Notice:  Undefined variable: product in /var/www/test.loc/cart.php on line 16
[10-Apr-2020 17:30:54 UTC] PHP Notice:  Trying to access array offset on value of type null in /var/www/test.loc/cart.php on line 16
[10-Apr-2020 17:30:54 UTC] PHP Notice:  Undefined variable: product in /var/www/test.loc/cart.php on line 23
[10-Apr-2020 17:30:54 UTC] PHP Notice:  Trying to access array offset on value of type null in /var/www/test.loc/cart.php on line 23
[10-Apr-2020 17:32:50 UTC] PHP Notice:  Undefined variable: product in /var/www/test.loc/cart.php on line 20
[10-Apr-2020 17:32:50 UTC] PHP Notice:  Trying to access array offset on value of type null in /var/www/test.loc/cart.php on line 20
[10-Apr-2020 17:32:50 UTC] PHP Notice:  Undefined variable: product in /var/www/test.loc/cart.php on line 29
[10-Apr-2020 17:32:50 UTC] PHP Notice:  Trying to access array offset on value of type null in /var/www/test.loc/cart.php on line 29
[10-Apr-2020 17:33:02 UTC] PHP Notice:  Undefined variable: product in /var/www/test.loc/cart.php on line 20
[10-Apr-2020 17:33:02 UTC] PHP Notice:  Trying to access array offset on value of type null in /var/www/test.loc/cart.php on line 20
[10-Apr-2020 17:33:02 UTC] PHP Notice:  Undefined variable: product in /var/www/test.loc/cart.php on line 29
[10-Apr-2020 17:33:02 UTC] PHP Notice:  Trying to access array offset on value of type null in /var/www/test.loc/cart.php on line 29
[10-Apr-2020 17:33:05 UTC] PHP Notice:  Undefined variable: product in /var/www/test.loc/cart.php on line 20
[10-Apr-2020 17:33:05 UTC] PHP Notice:  Trying to access array offset on value of type null in /var/www/test.loc/cart.php on line 20
[10-Apr-2020 17:33:05 UTC] PHP Notice:  Undefined variable: product in /var/www/test.loc/cart.php on line 29
[10-Apr-2020 17:33:05 UTC] PHP Notice:  Trying to access array offset on value of type null in /var/www/test.loc/cart.php on line 29
[10-Apr-2020 17:34:08 UTC] PHP Notice:  Undefined variable: product in /var/www/test.loc/cart.php on line 28
[10-Apr-2020 17:34:08 UTC] PHP Notice:  Trying to access array offset on value of type null in /var/www/test.loc/cart.php on line 28
[10-Apr-2020 17:34:23 UTC] PHP Notice:  Undefined variable: product in /var/www/test.loc/cart.php on line 24
[10-Apr-2020 17:34:23 UTC] PHP Notice:  Trying to access array offset on value of type null in /var/www/test.loc/cart.php on line 24
[10-Apr-2020 17:39:45 UTC] PHP Notice:  Undefined variable: products in /var/www/test.loc/cart.php on line 20
[10-Apr-2020 17:39:45 UTC] PHP Warning:  Invalid argument supplied for foreach() in /var/www/test.loc/cart.php on line 20
[10-Apr-2020 17:40:02 UTC] PHP Notice:  Undefined variable: products in /var/www/test.loc/cart.php on line 20
[10-Apr-2020 17:40:02 UTC] PHP Warning:  Invalid argument supplied for foreach() in /var/www/test.loc/cart.php on line 20
[10-Apr-2020 17:40:16 UTC] PHP Notice:  Undefined variable: products in /var/www/test.loc/cart.php on line 9
[10-Apr-2020 17:40:16 UTC] PHP Warning:  Invalid argument supplied for foreach() in /var/www/test.loc/cart.php on line 9
[10-Apr-2020 17:46:24 UTC] PHP Notice:  Undefined variable: products in /var/www/test.loc/cart.php on line 9
[10-Apr-2020 17:46:24 UTC] PHP Warning:  Invalid argument supplied for foreach() in /var/www/test.loc/cart.php on line 9
[10-Apr-2020 17:50:19 UTC] PHP Parse error:  syntax error, unexpected end of file in /var/www/test.loc/cart.php on line 32
[10-Apr-2020 17:50:19 UTC] PHP Notice:  Undefined index: products in /var/www/test.loc/index.php on line 13
[10-Apr-2020 17:50:30 UTC] PHP Parse error:  syntax error, unexpected end of file in /var/www/test.loc/cart.php on line 32
[10-Apr-2020 17:50:31 UTC] PHP Notice:  Undefined index: products in /var/www/test.loc/index.php on line 13
[10-Apr-2020 17:50:32 UTC] PHP Parse error:  syntax error, unexpected end of file in /var/www/test.loc/cart.php on line 32
[10-Apr-2020 17:50:33 UTC] PHP Notice:  Undefined index: products in /var/www/test.loc/index.php on line 13
[10-Apr-2020 17:50:37 UTC] PHP Notice:  Undefined index: products in /var/www/test.loc/index.php on line 13
[10-Apr-2020 17:50:38 UTC] PHP Notice:  Undefined index: products in /var/www/test.loc/index.php on line 13
[10-Apr-2020 17:50:41 UTC] PHP Parse error:  syntax error, unexpected end of file in /var/www/test.loc/cart.php on line 32
[10-Apr-2020 17:50:41 UTC] PHP Notice:  Undefined index: products in /var/www/test.loc/index.php on line 13
[10-Apr-2020 17:50:57 UTC] PHP Notice:  Undefined variable: product in /var/www/test.loc/cart.php on line 16
[10-Apr-2020 17:50:57 UTC] PHP Notice:  Trying to access array offset on value of type null in /var/www/test.loc/cart.php on line 16
[10-Apr-2020 17:50:57 UTC] PHP Notice:  Undefined index: products in /var/www/test.loc/cart.php on line 16
[10-Apr-2020 17:50:57 UTC] PHP Notice:  Undefined variable: product in /var/www/test.loc/cart.php on line 17
[10-Apr-2020 17:50:57 UTC] PHP Notice:  Trying to access array offset on value of type null in /var/www/test.loc/cart.php on line 17
[10-Apr-2020 17:50:57 UTC] PHP Notice:  Undefined index: products in /var/www/test.loc/index.php on line 13
[10-Apr-2020 17:51:49 UTC] PHP Notice:  Undefined index: product in /var/www/test.loc/cart.php on line 16
[10-Apr-2020 17:51:49 UTC] PHP Notice:  Trying to access array offset on value of type null in /var/www/test.loc/cart.php on line 16
[10-Apr-2020 17:51:49 UTC] PHP Notice:  Undefined index: products in /var/www/test.loc/cart.php on line 16
[10-Apr-2020 17:51:49 UTC] PHP Notice:  Undefined variable: product in /var/www/test.loc/cart.php on line 17
[10-Apr-2020 17:51:49 UTC] PHP Notice:  Trying to access array offset on value of type null in /var/www/test.loc/cart.php on line 17
[10-Apr-2020 17:51:49 UTC] PHP Notice:  Undefined index: products in /var/www/test.loc/index.php on line 13
[10-Apr-2020 17:52:41 UTC] PHP Notice:  Undefined index: product in /var/www/test.loc/cart.php on line 16
[10-Apr-2020 17:52:41 UTC] PHP Notice:  Trying to access array offset on value of type null in /var/www/test.loc/cart.php on line 16
[10-Apr-2020 17:52:41 UTC] PHP Notice:  Undefined variable: _SESSION in /var/www/test.loc/cart.php on line 16
[10-Apr-2020 17:52:41 UTC] PHP Notice:  Trying to access array offset on value of type null in /var/www/test.loc/cart.php on line 16
[10-Apr-2020 17:52:41 UTC] PHP Notice:  Undefined index: product in /var/www/test.loc/cart.php on line 17
[10-Apr-2020 17:52:42 UTC] PHP Notice:  Undefined index: products in /var/www/test.loc/index.php on line 13
[10-Apr-2020 17:53:15 UTC] PHP Notice:  Undefined index: product in /var/www/test.loc/cart.php on line 16
[10-Apr-2020 17:53:15 UTC] PHP Notice:  Trying to access array offset on value of type null in /var/www/test.loc/cart.php on line 16
[10-Apr-2020 17:53:15 UTC] PHP Notice:  Undefined variable: _SESSION in /var/www/test.loc/cart.php on line 16
[10-Apr-2020 17:53:15 UTC] PHP Notice:  Trying to access array offset on value of type null in /var/www/test.loc/cart.php on line 16
[10-Apr-2020 17:53:15 UTC] PHP Notice:  Undefined index: product in /var/www/test.loc/cart.php on line 17
[10-Apr-2020 17:53:15 UTC] PHP Notice:  Undefined index: products in /var/www/test.loc/index.php on line 13
[10-Apr-2020 17:53:17 UTC] PHP Notice:  Undefined index: product in /var/www/test.loc/cart.php on line 16
[10-Apr-2020 17:53:17 UTC] PHP Notice:  Trying to access array offset on value of type null in /var/www/test.loc/cart.php on line 16
[10-Apr-2020 17:53:17 UTC] PHP Notice:  Undefined variable: _SESSION in /var/www/test.loc/cart.php on line 16
[10-Apr-2020 17:53:17 UTC] PHP Notice:  Trying to access array offset on value of type null in /var/www/test.loc/cart.php on line 16
[10-Apr-2020 17:53:17 UTC] PHP Notice:  Undefined index: product in /var/www/test.loc/cart.php on line 17
[10-Apr-2020 17:53:17 UTC] PHP Notice:  Undefined index: products in /var/www/test.loc/index.php on line 13
[10-Apr-2020 17:53:19 UTC] PHP Notice:  Undefined index: products in /var/www/test.loc/index.php on line 13
[10-Apr-2020 17:53:19 UTC] PHP Notice:  Undefined index: products in /var/www/test.loc/index.php on line 13
[10-Apr-2020 17:53:19 UTC] PHP Notice:  Undefined index: products in /var/www/test.loc/index.php on line 13
[10-Apr-2020 17:53:23 UTC] PHP Notice:  Undefined index: product in /var/www/test.loc/cart.php on line 16
[10-Apr-2020 17:53:23 UTC] PHP Notice:  Trying to access array offset on value of type null in /var/www/test.loc/cart.php on line 16
[10-Apr-2020 17:53:23 UTC] PHP Notice:  Undefined variable: _SESSION in /var/www/test.loc/cart.php on line 16
[10-Apr-2020 17:53:23 UTC] PHP Notice:  Trying to access array offset on value of type null in /var/www/test.loc/cart.php on line 16
[10-Apr-2020 17:53:23 UTC] PHP Notice:  Undefined index: product in /var/www/test.loc/cart.php on line 17
[10-Apr-2020 17:53:23 UTC] PHP Notice:  Undefined index: products in /var/www/test.loc/index.php on line 13
[10-Apr-2020 17:54:27 UTC] PHP Notice:  Undefined index: products in /var/www/test.loc/index.php on line 13
[10-Apr-2020 17:54:31 UTC] PHP Notice:  Undefined index: products in /var/www/test.loc/index.php on line 13
[10-Apr-2020 17:54:31 UTC] PHP Notice:  Undefined index: products in /var/www/test.loc/index.php on line 13
[10-Apr-2020 17:54:31 UTC] PHP Notice:  Undefined index: products in /var/www/test.loc/index.php on line 13
[10-Apr-2020 17:54:37 UTC] PHP Notice:  Undefined index: products in /var/www/test.loc/index.php on line 13
[10-Apr-2020 17:54:56 UTC] PHP Notice:  Undefined index: products in /var/www/test.loc/index.php on line 13
[10-Apr-2020 17:54:58 UTC] PHP Notice:  Undefined index: products in /var/www/test.loc/index.php on line 13
[10-Apr-2020 17:55:23 UTC] PHP Notice:  Undefined index: products in /var/www/test.loc/index.php on line 13
[10-Apr-2020 17:55:26 UTC] PHP Notice:  Undefined index: products in /var/www/test.loc/index.php on line 13
[10-Apr-2020 17:55:26 UTC] PHP Notice:  Undefined index: products in /var/www/test.loc/index.php on line 13
[10-Apr-2020 17:55:30 UTC] PHP Notice:  Undefined index: products in /var/www/test.loc/index.php on line 13
[10-Apr-2020 17:56:26 UTC] PHP Notice:  Undefined index: products in /var/www/test.loc/index.php on line 13
[10-Apr-2020 17:56:28 UTC] PHP Notice:  Undefined index: products in /var/www/test.loc/index.php on line 13
[10-Apr-2020 17:56:29 UTC] PHP Notice:  Undefined index: products in /var/www/test.loc/index.php on line 13
[10-Apr-2020 17:56:31 UTC] PHP Notice:  Undefined index: products in /var/www/test.loc/index.php on line 13
[10-Apr-2020 17:56:32 UTC] PHP Notice:  Undefined index: products in /var/www/test.loc/index.php on line 13
[10-Apr-2020 17:56:32 UTC] PHP Notice:  Undefined index: products in /var/www/test.loc/index.php on line 13
[10-Apr-2020 17:56:35 UTC] PHP Notice:  Undefined index: products in /var/www/test.loc/index.php on line 13
[16-Apr-2020 18:22:06 UTC] PHP Parse error:  syntax error, unexpected '<', expecting end of file in /var/www/api.test.loc/weather.php on line 23
[16-Apr-2020 18:25:12 UTC] PHP Notice:  Undefined property: stdClass::$name in /var/www/api.test.loc/weather.php on line 30
[16-Apr-2020 18:25:13 UTC] PHP Notice:  Undefined property: stdClass::$main in /var/www/api.test.loc/weather.php on line 31
[16-Apr-2020 18:25:13 UTC] PHP Notice:  Trying to get property 'temp_min' of non-object in /var/www/api.test.loc/weather.php on line 31
[16-Apr-2020 18:25:13 UTC] PHP Notice:  Undefined property: stdClass::$main in /var/www/api.test.loc/weather.php on line 32
[16-Apr-2020 18:25:13 UTC] PHP Notice:  Trying to get property 'humidity' of non-object in /var/www/api.test.loc/weather.php on line 32
[16-Apr-2020 18:25:13 UTC] PHP Notice:  Undefined property: stdClass::$wind in /var/www/api.test.loc/weather.php on line 33
[16-Apr-2020 18:25:13 UTC] PHP Notice:  Trying to get property 'speed' of non-object in /var/www/api.test.loc/weather.php on line 33
